[0.045s] Invoking command in '/home/mhpromit7473/assignment_ws/src/robotics_software_engineer/build/module_8_assignment': CMAKE_PREFIX_PATH=${CMAKE_PREFIX_PATH}:/opt/ros/humble /home/mhpromit7473/.local/bin/cmake --build /home/mhpromit7473/assignment_ws/src/robotics_software_engineer/build/module_8_assignment -- -j12 -l12
[0.213s] Invoked command in '/home/mhpromit7473/assignment_ws/src/robotics_software_engineer/build/module_8_assignment' returned '0': CMAKE_PREFIX_PATH=${CMAKE_PREFIX_PATH}:/opt/ros/humble /home/mhpromit7473/.local/bin/cmake --build /home/mhpromit7473/assignment_ws/src/robotics_software_engineer/build/module_8_assignment -- -j12 -l12
[0.215s] Invoking command in '/home/mhpromit7473/assignment_ws/src/robotics_software_engineer/build/module_8_assignment': CMAKE_PREFIX_PATH=${CMAKE_PREFIX_PATH}:/opt/ros/humble /home/mhpromit7473/.local/bin/cmake --install /home/mhpromit7473/assignment_ws/src/robotics_software_engineer/build/module_8_assignment
[0.313s] -- Install configuration: ""
[0.313s] -- Up-to-date: /home/mhpromit7473/assignment_ws/src/robotics_software_engineer/install/module_8_assignment/share/ament_index/resource_index/package_run_dependencies/module_8_assignment
[0.313s] -- Up-to-date: /home/mhpromit7473/assignment_ws/src/robotics_software_engineer/install/module_8_assignment/share/ament_index/resource_index/parent_prefix_path/module_8_assignment
[0.313s] -- Up-to-date: /home/mhpromit7473/assignment_ws/src/robotics_software_engineer/install/module_8_assignment/share/module_8_assignment/environment/ament_prefix_path.sh
[0.313s] -- Up-to-date: /home/mhpromit7473/assignment_ws/src/robotics_software_engineer/install/module_8_assignment/share/module_8_assignment/environment/ament_prefix_path.dsv
[0.313s] -- Up-to-date: /home/mhpromit7473/assignment_ws/src/robotics_software_engineer/install/module_8_assignment/share/module_8_assignment/environment/path.sh
[0.313s] -- Up-to-date: /home/mhpromit7473/assignment_ws/src/robotics_software_engineer/install/module_8_assignment/share/module_8_assignment/environment/path.dsv
[0.313s] -- Up-to-date: /home/mhpromit7473/assignment_ws/src/robotics_software_engineer/install/module_8_assignment/share/module_8_assignment/local_setup.bash
[0.313s] -- Up-to-date: /home/mhpromit7473/assignment_ws/src/robotics_software_engineer/install/module_8_assignment/share/module_8_assignment/local_setup.sh
[0.313s] -- Up-to-date: /home/mhpromit7473/assignment_ws/src/robotics_software_engineer/install/module_8_assignment/share/module_8_assignment/local_setup.zsh
[0.313s] -- Up-to-date: /home/mhpromit7473/assignment_ws/src/robotics_software_engineer/install/module_8_assignment/share/module_8_assignment/local_setup.dsv
[0.313s] -- Installing: /home/mhpromit7473/assignment_ws/src/robotics_software_engineer/install/module_8_assignment/share/module_8_assignment/package.dsv
[0.314s] -- Up-to-date: /home/mhpromit7473/assignment_ws/src/robotics_software_engineer/install/module_8_assignment/share/ament_index/resource_index/packages/module_8_assignment
[0.314s] -- Up-to-date: /home/mhpromit7473/assignment_ws/src/robotics_software_engineer/install/module_8_assignment/share/module_8_assignment/cmake/module_8_assignmentConfig.cmake
[0.314s] -- Up-to-date: /home/mhpromit7473/assignment_ws/src/robotics_software_engineer/install/module_8_assignment/share/module_8_assignment/cmake/module_8_assignmentConfig-version.cmake
[0.314s] -- Up-to-date: /home/mhpromit7473/assignment_ws/src/robotics_software_engineer/install/module_8_assignment/share/module_8_assignment/package.xml
[0.357s] Invoked command in '/home/mhpromit7473/assignment_ws/src/robotics_software_engineer/build/module_8_assignment' returned '0': CMAKE_PREFIX_PATH=${CMAKE_PREFIX_PATH}:/opt/ros/humble /home/mhpromit7473/.local/bin/cmake --install /home/mhpromit7473/assignment_ws/src/robotics_software_engineer/build/module_8_assignment
