-- The C compiler identification is GNU 12.3.0
-- The CXX compiler identification is GNU 12.3.0
-- Detecting C compiler ABI info
-- Detecting C compiler ABI info - done
-- Check for working C compiler: /usr/bin/cc - skipped
-- Detecting C compile features
-- Detecting C compile features - done
-- Detecting CXX compiler ABI info
-- Detecting CXX compiler ABI info - done
-- Check for working CXX compiler: /usr/bin/c++ - skipped
-- Detecting CXX compile features
-- Detecting CXX compile features - done
-- Found ament_cmake: 1.3.11 (/opt/ros/humble/share/ament_cmake/cmake)
-- Found Python3: /usr/bin/python3 (found version "3.10.12") found components: Interpreter
-- Found rclcpp: 16.0.11 (/opt/ros/humble/share/rclcpp/cmake)
-- Found rosidl_generator_c: 3.1.6 (/opt/ros/humble/share/rosidl_generator_c/cmake)
-- Found rosidl_adapter: 3.1.6 (/opt/ros/humble/share/rosidl_adapter/cmake)
-- Found rosidl_generator_cpp: 3.1.6 (/opt/ros/humble/share/rosidl_generator_cpp/cmake)
-- Using all available rosidl_typesupport_c: rosidl_typesupport_fastrtps_c;rosidl_typesupport_introspection_c
-- Using all available rosidl_typesupport_cpp: rosidl_typesupport_fastrtps_cpp;rosidl_typesupport_introspection_cpp
-- Found rmw_implementation_cmake: 6.1.2 (/opt/ros/humble/share/rmw_implementation_cmake/cmake)
-- Found rmw_fastrtps_cpp: 6.2.7 (/opt/ros/humble/share/rmw_fastrtps_cpp/cmake)
-- Found OpenSSL: /usr/lib/x86_64-linux-gnu/libcrypto.so (found version "3.0.2")
-- Found FastRTPS: /opt/ros/humble/include
-- Using RMW implementation 'rmw_fastrtps_cpp' as default
-- Performing Test CMAKE_HAVE_LIBC_PTHREAD
-- Performing Test CMAKE_HAVE_LIBC_PTHREAD - Success
-- Found Threads: TRUE
-- Found tf2_ros: 0.25.9 (/opt/ros/humble/share/tf2_ros/cmake)
-- Found ament_lint_auto: 0.12.11 (/opt/ros/humble/share/ament_lint_auto/cmake)
-- Added test 'flake8' to check Python code syntax and style conventions
-- Added test 'lint_cmake' to check CMake code style
-- Added test 'pep257' to check Python code against some of the docstring style conventions in PEP 257
-- Added test 'xmllint' to check XML markup files
-- Configuring done (1.6s)
-- Generating done (0.0s)
-- Build files have been written to: /home/mhpromit7473/assignment_ws/src/robotics_software_engineer/build/module_3_assignment
-- Install configuration: ""
-- Installing: /home/mhpromit7473/assignment_ws/src/robotics_software_engineer/install/module_3_assignment/share/module_3_assignment/launch
-- Installing: /home/mhpromit7473/assignment_ws/src/robotics_software_engineer/install/module_3_assignment/share/module_3_assignment/launch/rviz.launch.py
-- Installing: /home/mhpromit7473/assignment_ws/src/robotics_software_engineer/install/module_3_assignment/share/module_3_assignment/urdf
-- Installing: /home/mhpromit7473/assignment_ws/src/robotics_software_engineer/install/module_3_assignment/share/module_3_assignment/urdf/task1.urdf
-- Installing: /home/mhpromit7473/assignment_ws/src/robotics_software_engineer/install/module_3_assignment/share/ament_index/resource_index/package_run_dependencies/module_3_assignment
-- Installing: /home/mhpromit7473/assignment_ws/src/robotics_software_engineer/install/module_3_assignment/share/ament_index/resource_index/parent_prefix_path/module_3_assignment
-- Installing: /home/mhpromit7473/assignment_ws/src/robotics_software_engineer/install/module_3_assignment/share/module_3_assignment/environment/ament_prefix_path.sh
-- Installing: /home/mhpromit7473/assignment_ws/src/robotics_software_engineer/install/module_3_assignment/share/module_3_assignment/environment/ament_prefix_path.dsv
-- Installing: /home/mhpromit7473/assignment_ws/src/robotics_software_engineer/install/module_3_assignment/share/module_3_assignment/environment/path.sh
-- Installing: /home/mhpromit7473/assignment_ws/src/robotics_software_engineer/install/module_3_assignment/share/module_3_assignment/environment/path.dsv
-- Installing: /home/mhpromit7473/assignment_ws/src/robotics_software_engineer/install/module_3_assignment/share/module_3_assignment/local_setup.bash
-- Installing: /home/mhpromit7473/assignment_ws/src/robotics_software_engineer/install/module_3_assignment/share/module_3_assignment/local_setup.sh
-- Installing: /home/mhpromit7473/assignment_ws/src/robotics_software_engineer/install/module_3_assignment/share/module_3_assignment/local_setup.zsh
-- Installing: /home/mhpromit7473/assignment_ws/src/robotics_software_engineer/install/module_3_assignment/share/module_3_assignment/local_setup.dsv
-- Installing: /home/mhpromit7473/assignment_ws/src/robotics_software_engineer/install/module_3_assignment/share/module_3_assignment/package.dsv
-- Installing: /home/mhpromit7473/assignment_ws/src/robotics_software_engineer/install/module_3_assignment/share/ament_index/resource_index/packages/module_3_assignment
-- Installing: /home/mhpromit7473/assignment_ws/src/robotics_software_engineer/install/module_3_assignment/share/module_3_assignment/cmake/module_3_assignmentConfig.cmake
-- Installing: /home/mhpromit7473/assignment_ws/src/robotics_software_engineer/install/module_3_assignment/share/module_3_assignment/cmake/module_3_assignmentConfig-version.cmake
-- Installing: /home/mhpromit7473/assignment_ws/src/robotics_software_engineer/install/module_3_assignment/share/module_3_assignment/package.xml
