[0mCMake Deprecation Warning at CMakeLists.txt:1 (cmake_minimum_required):
  Compatibility with CMake < 3.10 will be removed from a future version of
  CMake.

  Update the VERSION argument <min> value or use a ...<max> suffix to tell
  CMake that the project does not need compatibility with older versions.

[0m
[33mCMake Warning (dev) at /usr/share/dart/cmake/DARTFindBoost.cmake:20 (find_package):
  Policy CMP0167 is not set: The FindBoost module is removed.  Run "cmake
  --help-policy CMP0167" for policy details.  Use the cmake_policy command to
  set the policy and suppress this warning.

Call Stack (most recent call first):
  /usr/share/dart/cmake/dart_dartComponent.cmake:6 (include)
  /usr/share/dart/cmake/DARTConfig.cmake:73 (include)
  /usr/share/dart/cmake/DARTConfig.cmake:133 (dart_traverse_components)
  /usr/share/dart/cmake/DARTConfig.cmake:181 (dart_package_init)
  /usr/lib/x86_64-linux-gnu/cmake/gazebo/gazebo-config.cmake:166 (find_package)
  /opt/ros/humble/share/gazebo_dev/cmake/gazebo_dev-extras.cmake:3 (find_package)
  /opt/ros/humble/share/gazebo_dev/cmake/gazebo_devConfig.cmake:41 (include)
  /opt/ros/humble/share/gazebo_ros/cmake/ament_cmake_export_dependencies-extras.cmake:21 (find_package)
  /opt/ros/humble/share/gazebo_ros/cmake/gazebo_rosConfig.cmake:41 (include)
  CMakeLists.txt:17 (find_package)
This warning is for project developers.  Use -Wno-dev to suppress it.
[0m
[33mCMake Warning (dev) at /usr/lib/x86_64-linux-gnu/cmake/gazebo/gazebo-config.cmake:197 (find_package):
  Policy CMP0167 is not set: The FindBoost module is removed.  Run "cmake
  --help-policy CMP0167" for policy details.  Use the cmake_policy command to
  set the policy and suppress this warning.

Call Stack (most recent call first):
  /opt/ros/humble/share/gazebo_dev/cmake/gazebo_dev-extras.cmake:3 (find_package)
  /opt/ros/humble/share/gazebo_dev/cmake/gazebo_devConfig.cmake:41 (include)
  /opt/ros/humble/share/gazebo_ros/cmake/ament_cmake_export_dependencies-extras.cmake:21 (find_package)
  /opt/ros/humble/share/gazebo_ros/cmake/gazebo_rosConfig.cmake:41 (include)
  CMakeLists.txt:17 (find_package)
This warning is for project developers.  Use -Wno-dev to suppress it.
[0m
[33mCMake Warning (dev) at /usr/share/OGRE/cmake/modules/FindOGRE.cmake:309 (find_package):
  Policy CMP0167 is not set: The FindBoost module is removed.  Run "cmake
  --help-policy CMP0167" for policy details.  Use the cmake_policy command to
  set the policy and suppress this warning.

Call Stack (most recent call first):
  /usr/lib/x86_64-linux-gnu/cmake/gazebo/gazebo-config.cmake:213 (find_package)
  /opt/ros/humble/share/gazebo_dev/cmake/gazebo_dev-extras.cmake:3 (find_package)
  /opt/ros/humble/share/gazebo_dev/cmake/gazebo_devConfig.cmake:41 (include)
  /opt/ros/humble/share/gazebo_ros/cmake/ament_cmake_export_dependencies-extras.cmake:21 (find_package)
  /opt/ros/humble/share/gazebo_ros/cmake/gazebo_rosConfig.cmake:41 (include)
  CMakeLists.txt:17 (find_package)
This warning is for project developers.  Use -Wno-dev to suppress it.
[0m
[33mCMake Warning (dev) at /usr/share/OGRE/cmake/modules/FindOGRE.cmake:318 (find_package):
  Policy CMP0167 is not set: The FindBoost module is removed.  Run "cmake
  --help-policy CMP0167" for policy details.  Use the cmake_policy command to
  set the policy and suppress this warning.

Call Stack (most recent call first):
  /usr/lib/x86_64-linux-gnu/cmake/gazebo/gazebo-config.cmake:213 (find_package)
  /opt/ros/humble/share/gazebo_dev/cmake/gazebo_dev-extras.cmake:3 (find_package)
  /opt/ros/humble/share/gazebo_dev/cmake/gazebo_devConfig.cmake:41 (include)
  /opt/ros/humble/share/gazebo_ros/cmake/ament_cmake_export_dependencies-extras.cmake:21 (find_package)
  /opt/ros/humble/share/gazebo_ros/cmake/gazebo_rosConfig.cmake:41 (include)
  CMakeLists.txt:17 (find_package)
This warning is for project developers.  Use -Wno-dev to suppress it.
[0m
[0mCMake Deprecation Warning at /usr/lib/x86_64-linux-gnu/cmake/jsoncpp/jsoncppConfig.cmake:2 (cmake_policy):
  Compatibility with CMake < 3.10 will be removed from a future version of
  CMake.

  Update the VERSION argument <min> value or use a ...<max> suffix to tell
  CMake that the project does not need compatibility with older versions.
Call Stack (most recent call first):
  /usr/share/cmake/ignition-cmake2/cmake2/FindJSONCPP.cmake:34 (find_package)
  /usr/lib/x86_64-linux-gnu/cmake/ignition-fuel_tools4/ignition-fuel_tools4-config.cmake:94 (find_package)
  /usr/lib/x86_64-linux-gnu/cmake/gazebo/gazebo-config.cmake:251 (find_package)
  /opt/ros/humble/share/gazebo_dev/cmake/gazebo_dev-extras.cmake:3 (find_package)
  /opt/ros/humble/share/gazebo_dev/cmake/gazebo_devConfig.cmake:41 (include)
  /opt/ros/humble/share/gazebo_ros/cmake/ament_cmake_export_dependencies-extras.cmake:21 (find_package)
  /opt/ros/humble/share/gazebo_ros/cmake/gazebo_rosConfig.cmake:41 (include)
  CMakeLists.txt:17 (find_package)

[0m
