[0.052s] Invoking command in '/home/mhpromit7473/assignment_ws/src/robotics_software_engineer/build/module_1_assignment': CMAKE_PREFIX_PATH=${CMAKE_PREFIX_PATH}:/opt/ros/humble /home/mhpromit7473/.local/bin/cmake --build /home/mhpromit7473/assignment_ws/src/robotics_software_engineer/build/module_1_assignment -- -j12 -l12
[0.171s] [ 66%] Built target task1
[0.171s] [ 66%] Built target task2
[0.172s] [100%] Built target task3
[0.235s] Invoked command in '/home/mhpromit7473/assignment_ws/src/robotics_software_engineer/build/module_1_assignment' returned '0': CMAKE_PREFIX_PATH=${CMAKE_PREFIX_PATH}:/opt/ros/humble /home/mhpromit7473/.local/bin/cmake --build /home/mhpromit7473/assignment_ws/src/robotics_software_engineer/build/module_1_assignment -- -j12 -l12
[0.237s] Invoking command in '/home/mhpromit7473/assignment_ws/src/robotics_software_engineer/build/module_1_assignment': CMAKE_PREFIX_PATH=${CMAKE_PREFIX_PATH}:/opt/ros/humble /home/mhpromit7473/.local/bin/cmake --install /home/mhpromit7473/assignment_ws/src/robotics_software_engineer/build/module_1_assignment
[0.302s] -- Install configuration: ""
[0.304s] -- Up-to-date: /home/mhpromit7473/assignment_ws/src/robotics_software_engineer/install/module_1_assignment/lib/module_1_assignment/task1
[0.304s] -- Up-to-date: /home/mhpromit7473/assignment_ws/src/robotics_software_engineer/install/module_1_assignment/lib/module_1_assignment/task2
[0.306s] -- Up-to-date: /home/mhpromit7473/assignment_ws/src/robotics_software_engineer/install/module_1_assignment/lib/module_1_assignment/task3
[0.306s] -- Up-to-date: /home/mhpromit7473/assignment_ws/src/robotics_software_engineer/install/module_1_assignment/share/ament_index/resource_index/package_run_dependencies/module_1_assignment
[0.306s] -- Up-to-date: /home/mhpromit7473/assignment_ws/src/robotics_software_engineer/install/module_1_assignment/share/ament_index/resource_index/parent_prefix_path/module_1_assignment
[0.306s] -- Up-to-date: /home/mhpromit7473/assignment_ws/src/robotics_software_engineer/install/module_1_assignment/share/module_1_assignment/environment/ament_prefix_path.sh
[0.306s] -- Up-to-date: /home/mhpromit7473/assignment_ws/src/robotics_software_engineer/install/module_1_assignment/share/module_1_assignment/environment/ament_prefix_path.dsv
[0.306s] -- Up-to-date: /home/mhpromit7473/assignment_ws/src/robotics_software_engineer/install/module_1_assignment/share/module_1_assignment/environment/path.sh
[0.308s] -- Up-to-date: /home/mhpromit7473/assignment_ws/src/robotics_software_engineer/install/module_1_assignment/share/module_1_assignment/environment/path.dsv
[0.308s] -- Up-to-date: /home/mhpromit7473/assignment_ws/src/robotics_software_engineer/install/module_1_assignment/share/module_1_assignment/local_setup.bash
[0.308s] -- Up-to-date: /home/mhpromit7473/assignment_ws/src/robotics_software_engineer/install/module_1_assignment/share/module_1_assignment/local_setup.sh
[0.308s] -- Up-to-date: /home/mhpromit7473/assignment_ws/src/robotics_software_engineer/install/module_1_assignment/share/module_1_assignment/local_setup.zsh
[0.308s] -- Up-to-date: /home/mhpromit7473/assignment_ws/src/robotics_software_engineer/install/module_1_assignment/share/module_1_assignment/local_setup.dsv
[0.308s] -- Up-to-date: /home/mhpromit7473/assignment_ws/src/robotics_software_engineer/install/module_1_assignment/share/module_1_assignment/package.dsv
[0.308s] -- Up-to-date: /home/mhpromit7473/assignment_ws/src/robotics_software_engineer/install/module_1_assignment/share/ament_index/resource_index/packages/module_1_assignment
[0.309s] -- Up-to-date: /home/mhpromit7473/assignment_ws/src/robotics_software_engineer/install/module_1_assignment/share/module_1_assignment/cmake/module_1_assignmentConfig.cmake
[0.309s] -- Up-to-date: /home/mhpromit7473/assignment_ws/src/robotics_software_engineer/install/module_1_assignment/share/module_1_assignment/cmake/module_1_assignmentConfig-version.cmake
[0.309s] -- Up-to-date: /home/mhpromit7473/assignment_ws/src/robotics_software_engineer/install/module_1_assignment/share/module_1_assignment/package.xml
[0.312s] Invoked command in '/home/mhpromit7473/assignment_ws/src/robotics_software_engineer/build/module_1_assignment' returned '0': CMAKE_PREFIX_PATH=${CMAKE_PREFIX_PATH}:/opt/ros/humble /home/mhpromit7473/.local/bin/cmake --install /home/mhpromit7473/assignment_ws/src/robotics_software_engineer/build/module_1_assignment
