[0.049s] Invoking command in '/home/mhpromit7473/assignment_ws/src/robotics_software_engineer/build/module_3_assignment': CMAKE_PREFIX_PATH=${CMAKE_PREFIX_PATH}:/opt/ros/humble /home/mhpromit7473/.local/bin/cmake --build /home/mhpromit7473/assignment_ws/src/robotics_software_engineer/build/module_3_assignment -- -j12 -l12
[0.225s] Invoked command in '/home/mhpromit7473/assignment_ws/src/robotics_software_engineer/build/module_3_assignment' returned '0': CMAKE_PREFIX_PATH=${CMAKE_PREFIX_PATH}:/opt/ros/humble /home/mhpromit7473/.local/bin/cmake --build /home/mhpromit7473/assignment_ws/src/robotics_software_engineer/build/module_3_assignment -- -j12 -l12
[0.227s] Invoking command in '/home/mhpromit7473/assignment_ws/src/robotics_software_engineer/build/module_3_assignment': CMAKE_PREFIX_PATH=${CMAKE_PREFIX_PATH}:/opt/ros/humble /home/mhpromit7473/.local/bin/cmake --install /home/mhpromit7473/assignment_ws/src/robotics_software_engineer/build/module_3_assignment
[0.307s] -- Install configuration: ""
[0.307s] -- Up-to-date: /home/mhpromit7473/assignment_ws/src/robotics_software_engineer/install/module_3_assignment/share/module_3_assignment/launch
[0.307s] -- Installing: /home/mhpromit7473/assignment_ws/src/robotics_software_engineer/install/module_3_assignment/share/module_3_assignment/launch/rviz.launch.py
[0.307s] -- Up-to-date: /home/mhpromit7473/assignment_ws/src/robotics_software_engineer/install/module_3_assignment/share/module_3_assignment/urdf
[0.307s] -- Up-to-date: /home/mhpromit7473/assignment_ws/src/robotics_software_engineer/install/module_3_assignment/share/module_3_assignment/urdf/task1.urdf
[0.307s] -- Up-to-date: /home/mhpromit7473/assignment_ws/src/robotics_software_engineer/install/module_3_assignment/share/ament_index/resource_index/package_run_dependencies/module_3_assignment
[0.307s] -- Up-to-date: /home/mhpromit7473/assignment_ws/src/robotics_software_engineer/install/module_3_assignment/share/ament_index/resource_index/parent_prefix_path/module_3_assignment
[0.307s] -- Up-to-date: /home/mhpromit7473/assignment_ws/src/robotics_software_engineer/install/module_3_assignment/share/module_3_assignment/environment/ament_prefix_path.sh
[0.308s] -- Up-to-date: /home/mhpromit7473/assignment_ws/src/robotics_software_engineer/install/module_3_assignment/share/module_3_assignment/environment/ament_prefix_path.dsv
[0.308s] -- Up-to-date: /home/mhpromit7473/assignment_ws/src/robotics_software_engineer/install/module_3_assignment/share/module_3_assignment/environment/path.sh
[0.308s] -- Up-to-date: /home/mhpromit7473/assignment_ws/src/robotics_software_engineer/install/module_3_assignment/share/module_3_assignment/environment/path.dsv
[0.308s] -- Up-to-date: /home/mhpromit7473/assignment_ws/src/robotics_software_engineer/install/module_3_assignment/share/module_3_assignment/local_setup.bash
[0.308s] -- Up-to-date: /home/mhpromit7473/assignment_ws/src/robotics_software_engineer/install/module_3_assignment/share/module_3_assignment/local_setup.sh
[0.308s] -- Up-to-date: /home/mhpromit7473/assignment_ws/src/robotics_software_engineer/install/module_3_assignment/share/module_3_assignment/local_setup.zsh
[0.309s] -- Up-to-date: /home/mhpromit7473/assignment_ws/src/robotics_software_engineer/install/module_3_assignment/share/module_3_assignment/local_setup.dsv
[0.309s] -- Up-to-date: /home/mhpromit7473/assignment_ws/src/robotics_software_engineer/install/module_3_assignment/share/module_3_assignment/package.dsv
[0.309s] -- Up-to-date: /home/mhpromit7473/assignment_ws/src/robotics_software_engineer/install/module_3_assignment/share/ament_index/resource_index/packages/module_3_assignment
[0.309s] -- Up-to-date: /home/mhpromit7473/assignment_ws/src/robotics_software_engineer/install/module_3_assignment/share/module_3_assignment/cmake/module_3_assignmentConfig.cmake
[0.309s] -- Up-to-date: /home/mhpromit7473/assignment_ws/src/robotics_software_engineer/install/module_3_assignment/share/module_3_assignment/cmake/module_3_assignmentConfig-version.cmake
[0.309s] -- Up-to-date: /home/mhpromit7473/assignment_ws/src/robotics_software_engineer/install/module_3_assignment/share/module_3_assignment/package.xml
[0.346s] Invoked command in '/home/mhpromit7473/assignment_ws/src/robotics_software_engineer/build/module_3_assignment' returned '0': CMAKE_PREFIX_PATH=${CMAKE_PREFIX_PATH}:/opt/ros/humble /home/mhpromit7473/.local/bin/cmake --install /home/mhpromit7473/assignment_ws/src/robotics_software_engineer/build/module_3_assignment
