[0mCMake Deprecation Warning at CMakeLists.txt:1 (cmake_minimum_required):
  Compatibility with CMake < 3.10 will be removed from a future version of
  CMake.

  Update the VERSION argument <min> value or use a ...<max> suffix to tell
  CMake that the project does not need compatibility with older versions.

[0m
-- Found ament_cmake: 1.3.11 (/opt/ros/humble/share/ament_cmake/cmake)
-- Found rclcpp: 16.0.11 (/opt/ros/humble/share/rclcpp/cmake)
-- Found rosidl_generator_c: 3.1.6 (/opt/ros/humble/share/rosidl_generator_c/cmake)
-- Found rosidl_adapter: 3.1.6 (/opt/ros/humble/share/rosidl_adapter/cmake)
-- Found rosidl_generator_cpp: 3.1.6 (/opt/ros/humble/share/rosidl_generator_cpp/cmake)
-- Using all available rosidl_typesupport_c: rosidl_typesupport_fastrtps_c;rosidl_typesupport_introspection_c
-- Using all available rosidl_typesupport_cpp: rosidl_typesupport_fastrtps_cpp;rosidl_typesupport_introspection_cpp
-- Found rmw_implementation_cmake: 6.1.2 (/opt/ros/humble/share/rmw_implementation_cmake/cmake)
-- Found rmw_fastrtps_cpp: 6.2.7 (/opt/ros/humble/share/rmw_fastrtps_cpp/cmake)
-- Using RMW implementation 'rmw_fastrtps_cpp' as default
-- Found tf2_ros: 0.25.9 (/opt/ros/humble/share/tf2_ros/cmake)
-- Found ament_lint_auto: 0.12.11 (/opt/ros/humble/share/ament_lint_auto/cmake)
-- Added test 'flake8' to check Python code syntax and style conventions
-- Added test 'lint_cmake' to check CMake code style
-- Added test 'pep257' to check Python code against some of the docstring style conventions in PEP 257
-- Added test 'xmllint' to check XML markup files
-- Configuring done (0.8s)
-- Generating done (0.0s)
-- Build files have been written to: /home/mhpromit7473/assignment_ws/src/robotics_software_engineer/build/module_3_assignment
-- Install configuration: ""
-- Up-to-date: /home/mhpromit7473/assignment_ws/src/robotics_software_engineer/install/module_3_assignment/share/module_3_assignment/launch
-- Installing: /home/mhpromit7473/assignment_ws/src/robotics_software_engineer/install/module_3_assignment/share/module_3_assignment/launch/rviz.launch.py
-- Up-to-date: /home/mhpromit7473/assignment_ws/src/robotics_software_engineer/install/module_3_assignment/share/module_3_assignment/urdf
-- Up-to-date: /home/mhpromit7473/assignment_ws/src/robotics_software_engineer/install/module_3_assignment/share/module_3_assignment/urdf/task1.urdf
-- Up-to-date: /home/mhpromit7473/assignment_ws/src/robotics_software_engineer/install/module_3_assignment/share/ament_index/resource_index/package_run_dependencies/module_3_assignment
-- Installing: /home/mhpromit7473/assignment_ws/src/robotics_software_engineer/install/module_3_assignment/share/ament_index/resource_index/parent_prefix_path/module_3_assignment
-- Up-to-date: /home/mhpromit7473/assignment_ws/src/robotics_software_engineer/install/module_3_assignment/share/module_3_assignment/environment/ament_prefix_path.sh
-- Installing: /home/mhpromit7473/assignment_ws/src/robotics_software_engineer/install/module_3_assignment/share/module_3_assignment/environment/ament_prefix_path.dsv
-- Up-to-date: /home/mhpromit7473/assignment_ws/src/robotics_software_engineer/install/module_3_assignment/share/module_3_assignment/environment/path.sh
-- Installing: /home/mhpromit7473/assignment_ws/src/robotics_software_engineer/install/module_3_assignment/share/module_3_assignment/environment/path.dsv
-- Up-to-date: /home/mhpromit7473/assignment_ws/src/robotics_software_engineer/install/module_3_assignment/share/module_3_assignment/local_setup.bash
-- Up-to-date: /home/mhpromit7473/assignment_ws/src/robotics_software_engineer/install/module_3_assignment/share/module_3_assignment/local_setup.sh
-- Up-to-date: /home/mhpromit7473/assignment_ws/src/robotics_software_engineer/install/module_3_assignment/share/module_3_assignment/local_setup.zsh
-- Installing: /home/mhpromit7473/assignment_ws/src/robotics_software_engineer/install/module_3_assignment/share/module_3_assignment/local_setup.dsv
-- Installing: /home/mhpromit7473/assignment_ws/src/robotics_software_engineer/install/module_3_assignment/share/module_3_assignment/package.dsv
-- Up-to-date: /home/mhpromit7473/assignment_ws/src/robotics_software_engineer/install/module_3_assignment/share/ament_index/resource_index/packages/module_3_assignment
-- Up-to-date: /home/mhpromit7473/assignment_ws/src/robotics_software_engineer/install/module_3_assignment/share/module_3_assignment/cmake/module_3_assignmentConfig.cmake
-- Up-to-date: /home/mhpromit7473/assignment_ws/src/robotics_software_engineer/install/module_3_assignment/share/module_3_assignment/cmake/module_3_assignmentConfig-version.cmake
-- Up-to-date: /home/mhpromit7473/assignment_ws/src/robotics_software_engineer/install/module_3_assignment/share/module_3_assignment/package.xml
