[0.053s] Invoking command in '/home/mhpromit7473/assignment_ws/src/robotics_software_engineer/build/module_6_assignment': CMAKE_PREFIX_PATH=${CMAKE_PREFIX_PATH}:/opt/ros/humble /home/mhpromit7473/.local/bin/cmake --build /home/mhpromit7473/assignment_ws/src/robotics_software_engineer/build/module_6_assignment -- -j12 -l12
[0.224s] Invoked command in '/home/mhpromit7473/assignment_ws/src/robotics_software_engineer/build/module_6_assignment' returned '0': CMAKE_PREFIX_PATH=${CMAKE_PREFIX_PATH}:/opt/ros/humble /home/mhpromit7473/.local/bin/cmake --build /home/mhpromit7473/assignment_ws/src/robotics_software_engineer/build/module_6_assignment -- -j12 -l12
[0.226s] Invoking command in '/home/mhpromit7473/assignment_ws/src/robotics_software_engineer/build/module_6_assignment': CMAKE_PREFIX_PATH=${CMAKE_PREFIX_PATH}:/opt/ros/humble /home/mhpromit7473/.local/bin/cmake --install /home/mhpromit7473/assignment_ws/src/robotics_software_engineer/build/module_6_assignment
[0.326s] -- Install configuration: ""
[0.326s] -- Up-to-date: /home/mhpromit7473/assignment_ws/src/robotics_software_engineer/install/module_6_assignment/share/ament_index/resource_index/package_run_dependencies/module_6_assignment
[0.326s] -- Up-to-date: /home/mhpromit7473/assignment_ws/src/robotics_software_engineer/install/module_6_assignment/share/ament_index/resource_index/parent_prefix_path/module_6_assignment
[0.326s] -- Up-to-date: /home/mhpromit7473/assignment_ws/src/robotics_software_engineer/install/module_6_assignment/share/module_6_assignment/environment/ament_prefix_path.sh
[0.326s] -- Up-to-date: /home/mhpromit7473/assignment_ws/src/robotics_software_engineer/install/module_6_assignment/share/module_6_assignment/environment/ament_prefix_path.dsv
[0.327s] -- Up-to-date: /home/mhpromit7473/assignment_ws/src/robotics_software_engineer/install/module_6_assignment/share/module_6_assignment/environment/path.sh
[0.327s] -- Up-to-date: /home/mhpromit7473/assignment_ws/src/robotics_software_engineer/install/module_6_assignment/share/module_6_assignment/environment/path.dsv
[0.327s] -- Up-to-date: /home/mhpromit7473/assignment_ws/src/robotics_software_engineer/install/module_6_assignment/share/module_6_assignment/local_setup.bash
[0.327s] -- Up-to-date: /home/mhpromit7473/assignment_ws/src/robotics_software_engineer/install/module_6_assignment/share/module_6_assignment/local_setup.sh
[0.327s] -- Up-to-date: /home/mhpromit7473/assignment_ws/src/robotics_software_engineer/install/module_6_assignment/share/module_6_assignment/local_setup.zsh
[0.327s] -- Up-to-date: /home/mhpromit7473/assignment_ws/src/robotics_software_engineer/install/module_6_assignment/share/module_6_assignment/local_setup.dsv
[0.327s] -- Up-to-date: /home/mhpromit7473/assignment_ws/src/robotics_software_engineer/install/module_6_assignment/share/module_6_assignment/package.dsv
[0.328s] -- Up-to-date: /home/mhpromit7473/assignment_ws/src/robotics_software_engineer/install/module_6_assignment/share/ament_index/resource_index/packages/module_6_assignment
[0.328s] -- Up-to-date: /home/mhpromit7473/assignment_ws/src/robotics_software_engineer/install/module_6_assignment/share/module_6_assignment/cmake/module_6_assignmentConfig.cmake
[0.328s] -- Up-to-date: /home/mhpromit7473/assignment_ws/src/robotics_software_engineer/install/module_6_assignment/share/module_6_assignment/cmake/module_6_assignmentConfig-version.cmake
[0.328s] -- Up-to-date: /home/mhpromit7473/assignment_ws/src/robotics_software_engineer/install/module_6_assignment/share/module_6_assignment/package.xml
[0.399s] Invoked command in '/home/mhpromit7473/assignment_ws/src/robotics_software_engineer/build/module_6_assignment' returned '0': CMAKE_PREFIX_PATH=${CMAKE_PREFIX_PATH}:/opt/ros/humble /home/mhpromit7473/.local/bin/cmake --install /home/mhpromit7473/assignment_ws/src/robotics_software_engineer/build/module_6_assignment
