-- The C compiler identification is GNU 12.3.0
-- The CXX compiler identification is GNU 12.3.0
-- Detecting C compiler ABI info
-- Detecting C compiler ABI info - done
-- Check for working C compiler: /usr/bin/cc - skipped
-- Detecting C compile features
-- Detecting C compile features - done
-- Detecting CXX compiler ABI info
-- Detecting CXX compiler ABI info - done
-- Check for working CXX compiler: /usr/bin/c++ - skipped
-- Detecting CXX compile features
-- Detecting CXX compile features - done
-- Found ament_cmake: 1.3.11 (/opt/ros/humble/share/ament_cmake/cmake)
-- Found Python3: /usr/bin/python3 (found version "3.10.12") found components: Interpreter
-- Found ament_lint_auto: 0.12.11 (/opt/ros/humble/share/ament_lint_auto/cmake)
-- Added test 'cppcheck' to perform static code analysis on C / C++ code
-- Configured cppcheck include dirs: /home/mhpromit7473/assignment_ws/src/robotics_software_engineer/module_1_assignment/include
-- Configured cppcheck exclude dirs and/or files: 
-- Added test 'flake8' to check Python code syntax and style conventions
-- Added test 'lint_cmake' to check CMake code style
-- Added test 'pep257' to check Python code against some of the docstring style conventions in PEP 257
-- Added test 'uncrustify' to check C / C++ code style
-- Configured uncrustify additional arguments: 
-- Added test 'xmllint' to check XML markup files
-- Configuring done (0.8s)
-- Generating done (0.0s)
-- Build files have been written to: /home/mhpromit7473/assignment_ws/src/robotics_software_engineer/build/module_1_assignment
[ 16%] [32mBuilding CXX object CMakeFiles/task1.dir/src/task_1.cpp.o[0m
[ 33%] [32mBuilding CXX object CMakeFiles/task2.dir/src/task_2.cpp.o[0m
[ 50%] [32mBuilding CXX object CMakeFiles/task3.dir/src/task_3.cpp.o[0m
[ 66%] [32m[1mLinking CXX executable task1[0m
[ 83%] [32m[1mLinking CXX executable task2[0m
[100%] [32m[1mLinking CXX executable task3[0m
[100%] Built target task1
[100%] Built target task2
[100%] Built target task3
-- Install configuration: ""
-- Installing: /home/mhpromit7473/assignment_ws/src/robotics_software_engineer/install/module_1_assignment/lib/module_1_assignment/task1
-- Installing: /home/mhpromit7473/assignment_ws/src/robotics_software_engineer/install/module_1_assignment/lib/module_1_assignment/task2
-- Installing: /home/mhpromit7473/assignment_ws/src/robotics_software_engineer/install/module_1_assignment/lib/module_1_assignment/task3
-- Installing: /home/mhpromit7473/assignment_ws/src/robotics_software_engineer/install/module_1_assignment/share/ament_index/resource_index/package_run_dependencies/module_1_assignment
-- Installing: /home/mhpromit7473/assignment_ws/src/robotics_software_engineer/install/module_1_assignment/share/ament_index/resource_index/parent_prefix_path/module_1_assignment
-- Installing: /home/mhpromit7473/assignment_ws/src/robotics_software_engineer/install/module_1_assignment/share/module_1_assignment/environment/ament_prefix_path.sh
-- Installing: /home/mhpromit7473/assignment_ws/src/robotics_software_engineer/install/module_1_assignment/share/module_1_assignment/environment/ament_prefix_path.dsv
-- Installing: /home/mhpromit7473/assignment_ws/src/robotics_software_engineer/install/module_1_assignment/share/module_1_assignment/environment/path.sh
-- Installing: /home/mhpromit7473/assignment_ws/src/robotics_software_engineer/install/module_1_assignment/share/module_1_assignment/environment/path.dsv
-- Installing: /home/mhpromit7473/assignment_ws/src/robotics_software_engineer/install/module_1_assignment/share/module_1_assignment/local_setup.bash
-- Installing: /home/mhpromit7473/assignment_ws/src/robotics_software_engineer/install/module_1_assignment/share/module_1_assignment/local_setup.sh
-- Installing: /home/mhpromit7473/assignment_ws/src/robotics_software_engineer/install/module_1_assignment/share/module_1_assignment/local_setup.zsh
-- Installing: /home/mhpromit7473/assignment_ws/src/robotics_software_engineer/install/module_1_assignment/share/module_1_assignment/local_setup.dsv
-- Installing: /home/mhpromit7473/assignment_ws/src/robotics_software_engineer/install/module_1_assignment/share/module_1_assignment/package.dsv
-- Installing: /home/mhpromit7473/assignment_ws/src/robotics_software_engineer/install/module_1_assignment/share/ament_index/resource_index/packages/module_1_assignment
-- Installing: /home/mhpromit7473/assignment_ws/src/robotics_software_engineer/install/module_1_assignment/share/module_1_assignment/cmake/module_1_assignmentConfig.cmake
-- Installing: /home/mhpromit7473/assignment_ws/src/robotics_software_engineer/install/module_1_assignment/share/module_1_assignment/cmake/module_1_assignmentConfig-version.cmake
-- Installing: /home/mhpromit7473/assignment_ws/src/robotics_software_engineer/install/module_1_assignment/share/module_1_assignment/package.xml
