[0.034s] Invoking command in '/home/mhpromit7473/assignment_ws/src/robotics_software_engineer/build/module_1_assignment': CMAKE_PREFIX_PATH=${CMAKE_PREFIX_PATH}:/opt/ros/humble /home/mhpromit7473/.local/bin/cmake /home/mhpromit7473/assignment_ws/src/robotics_software_engineer/module_1_assignment -DCMAKE_INSTALL_PREFIX=/home/mhpromit7473/assignment_ws/src/robotics_software_engineer/install/module_1_assignment
[0.108s] [0mCMake Deprecation Warning at CMakeLists.txt:1 (cmake_minimum_required):
[0.109s]   Compatibility with CMake < 3.10 will be removed from a future version of
[0.109s]   CMake.
[0.109s] 
[0.109s]   Update the VERSION argument <min> value or use a ...<max> suffix to tell
[0.109s]   CMake that the project does not need compatibility with older versions.
[0.109s] 
[0.109s] [0m
[0.167s] -- The C compiler identification is GNU 12.3.0
[0.245s] -- The CXX compiler identification is GNU 12.3.0
[0.255s] -- Detecting C compiler ABI info
[0.336s] -- Detecting C compiler ABI info - done
[0.358s] -- Check for working C compiler: /usr/bin/cc - skipped
[0.358s] -- Detecting C compile features
[0.359s] -- Detecting C compile features - done
[0.370s] -- Detecting CXX compiler ABI info
[0.483s] -- Detecting CXX compiler ABI info - done
[0.502s] -- Check for working CXX compiler: /usr/bin/c++ - skipped
[0.503s] -- Detecting CXX compile features
[0.504s] -- Detecting CXX compile features - done
[0.514s] -- Found ament_cmake: 1.3.11 (/opt/ros/humble/share/ament_cmake/cmake)
[0.697s] -- Found Python3: /usr/bin/python3 (found version "3.10.12") found components: Interpreter
[0.821s] -- Found ament_lint_auto: 0.12.11 (/opt/ros/humble/share/ament_lint_auto/cmake)
[0.922s] -- Added test 'cppcheck' to perform static code analysis on C / C++ code
[0.922s] -- Configured cppcheck include dirs: /home/mhpromit7473/assignment_ws/src/robotics_software_engineer/module_1_assignment/include
[0.922s] -- Configured cppcheck exclude dirs and/or files: 
[0.923s] -- Added test 'flake8' to check Python code syntax and style conventions
[0.924s] -- Added test 'lint_cmake' to check CMake code style
[0.925s] -- Added test 'pep257' to check Python code against some of the docstring style conventions in PEP 257
[0.927s] -- Added test 'uncrustify' to check C / C++ code style
[0.927s] -- Configured uncrustify additional arguments: 
[0.928s] -- Added test 'xmllint' to check XML markup files
[0.929s] -- Configuring done (0.8s)
[0.937s] -- Generating done (0.0s)
[0.938s] -- Build files have been written to: /home/mhpromit7473/assignment_ws/src/robotics_software_engineer/build/module_1_assignment
[0.950s] Invoked command in '/home/mhpromit7473/assignment_ws/src/robotics_software_engineer/build/module_1_assignment' returned '0': CMAKE_PREFIX_PATH=${CMAKE_PREFIX_PATH}:/opt/ros/humble /home/mhpromit7473/.local/bin/cmake /home/mhpromit7473/assignment_ws/src/robotics_software_engineer/module_1_assignment -DCMAKE_INSTALL_PREFIX=/home/mhpromit7473/assignment_ws/src/robotics_software_engineer/install/module_1_assignment
[0.950s] Invoking command in '/home/mhpromit7473/assignment_ws/src/robotics_software_engineer/build/module_1_assignment': CMAKE_PREFIX_PATH=${CMAKE_PREFIX_PATH}:/opt/ros/humble /home/mhpromit7473/.local/bin/cmake --build /home/mhpromit7473/assignment_ws/src/robotics_software_engineer/build/module_1_assignment -- -j12 -l12
[1.081s] [ 16%] [32mBuilding CXX object CMakeFiles/task1.dir/src/task_1.cpp.o[0m
[1.092s] [ 33%] [32mBuilding CXX object CMakeFiles/task2.dir/src/task_2.cpp.o[0m
[1.095s] [ 50%] [32mBuilding CXX object CMakeFiles/task3.dir/src/task_3.cpp.o[0m
[1.473s] [ 66%] [32m[1mLinking CXX executable task1[0m
[1.487s] [ 83%] [32m[1mLinking CXX executable task2[0m
[1.521s] [100%] [32m[1mLinking CXX executable task3[0m
[1.567s] [100%] Built target task1
[1.574s] [100%] Built target task2
[1.597s] [100%] Built target task3
[1.601s] Invoked command in '/home/mhpromit7473/assignment_ws/src/robotics_software_engineer/build/module_1_assignment' returned '0': CMAKE_PREFIX_PATH=${CMAKE_PREFIX_PATH}:/opt/ros/humble /home/mhpromit7473/.local/bin/cmake --build /home/mhpromit7473/assignment_ws/src/robotics_software_engineer/build/module_1_assignment -- -j12 -l12
[1.603s] Invoking command in '/home/mhpromit7473/assignment_ws/src/robotics_software_engineer/build/module_1_assignment': CMAKE_PREFIX_PATH=${CMAKE_PREFIX_PATH}:/opt/ros/humble /home/mhpromit7473/.local/bin/cmake --install /home/mhpromit7473/assignment_ws/src/robotics_software_engineer/build/module_1_assignment
[1.659s] -- Install configuration: ""
[1.659s] -- Installing: /home/mhpromit7473/assignment_ws/src/robotics_software_engineer/install/module_1_assignment/lib/module_1_assignment/task1
[1.659s] -- Installing: /home/mhpromit7473/assignment_ws/src/robotics_software_engineer/install/module_1_assignment/lib/module_1_assignment/task2
[1.659s] -- Installing: /home/mhpromit7473/assignment_ws/src/robotics_software_engineer/install/module_1_assignment/lib/module_1_assignment/task3
[1.660s] -- Installing: /home/mhpromit7473/assignment_ws/src/robotics_software_engineer/install/module_1_assignment/share/ament_index/resource_index/package_run_dependencies/module_1_assignment
[1.660s] -- Installing: /home/mhpromit7473/assignment_ws/src/robotics_software_engineer/install/module_1_assignment/share/ament_index/resource_index/parent_prefix_path/module_1_assignment
[1.660s] -- Installing: /home/mhpromit7473/assignment_ws/src/robotics_software_engineer/install/module_1_assignment/share/module_1_assignment/environment/ament_prefix_path.sh
[1.660s] -- Installing: /home/mhpromit7473/assignment_ws/src/robotics_software_engineer/install/module_1_assignment/share/module_1_assignment/environment/ament_prefix_path.dsv
[1.660s] -- Installing: /home/mhpromit7473/assignment_ws/src/robotics_software_engineer/install/module_1_assignment/share/module_1_assignment/environment/path.sh
[1.660s] -- Installing: /home/mhpromit7473/assignment_ws/src/robotics_software_engineer/install/module_1_assignment/share/module_1_assignment/environment/path.dsv
[1.660s] -- Installing: /home/mhpromit7473/assignment_ws/src/robotics_software_engineer/install/module_1_assignment/share/module_1_assignment/local_setup.bash
[1.660s] -- Installing: /home/mhpromit7473/assignment_ws/src/robotics_software_engineer/install/module_1_assignment/share/module_1_assignment/local_setup.sh
[1.660s] -- Installing: /home/mhpromit7473/assignment_ws/src/robotics_software_engineer/install/module_1_assignment/share/module_1_assignment/local_setup.zsh
[1.660s] -- Installing: /home/mhpromit7473/assignment_ws/src/robotics_software_engineer/install/module_1_assignment/share/module_1_assignment/local_setup.dsv
[1.660s] -- Installing: /home/mhpromit7473/assignment_ws/src/robotics_software_engineer/install/module_1_assignment/share/module_1_assignment/package.dsv
[1.661s] -- Installing: /home/mhpromit7473/assignment_ws/src/robotics_software_engineer/install/module_1_assignment/share/ament_index/resource_index/packages/module_1_assignment
[1.661s] -- Installing: /home/mhpromit7473/assignment_ws/src/robotics_software_engineer/install/module_1_assignment/share/module_1_assignment/cmake/module_1_assignmentConfig.cmake
[1.661s] -- Installing: /home/mhpromit7473/assignment_ws/src/robotics_software_engineer/install/module_1_assignment/share/module_1_assignment/cmake/module_1_assignmentConfig-version.cmake
[1.661s] -- Installing: /home/mhpromit7473/assignment_ws/src/robotics_software_engineer/install/module_1_assignment/share/module_1_assignment/package.xml
[1.662s] Invoked command in '/home/mhpromit7473/assignment_ws/src/robotics_software_engineer/build/module_1_assignment' returned '0': CMAKE_PREFIX_PATH=${CMAKE_PREFIX_PATH}:/opt/ros/humble /home/mhpromit7473/.local/bin/cmake --install /home/mhpromit7473/assignment_ws/src/robotics_software_engineer/build/module_1_assignment
